TN:
SF:src/index.js
FN:7,(anonymous_0)
FN:11,(anonymous_1)
FN:31,(anonymous_2)
FNF:3
FNH:3
FNDA:22,(anonymous_0)
FNDA:74,(anonymous_1)
FNDA:6,(anonymous_2)
DA:7,1
DA:8,22
DA:9,22
DA:10,22
DA:11,22
DA:12,74
DA:13,13
DA:14,13
DA:15,61
DA:16,14
DA:17,47
DA:18,18
DA:19,29
DA:20,15
DA:24,14
DA:26,74
DA:28,22
DA:31,1
DA:32,6
DA:33,6
DA:34,6
LF:21
LH:21
BRDA:12,0,0,13
BRDA:12,0,1,61
BRDA:12,1,0,74
BRDA:12,1,1,19
BRDA:15,2,0,14
BRDA:15,2,1,47
BRDA:17,3,0,18
BRDA:17,3,1,29
BRDA:19,4,0,15
BRDA:19,4,1,14
BRF:10
BRH:10
end_of_record
TN:
SF:src/parsers.js
FN:6,(anonymous_0)
FNF:1
FNH:1
FNDA:21,(anonymous_0)
DA:7,21
DA:8,21
DA:9,21
DA:10,18
DA:11,18
DA:12,7
DA:15,11
DA:16,11
DA:20,6
DA:21,6
DA:23,0
LF:11
LH:10
BRDA:8,0,0,19
BRDA:8,0,1,2
BRDA:11,1,0,7
BRDA:11,1,1,11
BRDA:12,2,0,6
BRDA:12,2,1,1
BRDA:15,3,0,11
BRDA:15,3,1,0
BRDA:15,4,0,11
BRDA:15,4,1,11
BRDA:16,5,0,11
BRDA:16,5,1,2
BRDA:16,6,0,10
BRDA:16,6,1,1
BRF:14
BRH:13
end_of_record
TN:
SF:src/formatters/index.js
FN:5,(anonymous_0)
FNF:1
FNH:1
FNDA:6,(anonymous_0)
DA:6,6
DA:7,1
DA:9,5
DA:10,5
DA:12,2
DA:14,1
DA:16,1
DA:18,1
DA:21,1
DA:22,1
LF:10
LH:10
BRDA:5,0,0,1
BRDA:6,1,0,1
BRDA:6,1,1,5
BRDA:10,2,0,2
BRDA:10,2,1,1
BRDA:10,2,2,1
BRDA:10,2,3,1
BRF:7
BRH:7
end_of_record
TN:
SF:src/formatters/json.js
FN:1,(anonymous_0)
FNF:1
FNH:1
FNDA:1,(anonymous_0)
DA:1,1
LF:1
LH:1
BRF:0
BRH:0
end_of_record
TN:
SF:src/formatters/plain.js
FN:3,(anonymous_0)
FN:10,(anonymous_1)
FN:11,(anonymous_2)
FNF:3
FNH:3
FNDA:13,(anonymous_0)
FNDA:5,(anonymous_1)
FNDA:18,(anonymous_2)
DA:3,1
DA:4,13
DA:5,3
DA:7,10
DA:10,1
DA:11,5
DA:12,18
DA:13,18
DA:15,4
DA:17,2
DA:19,5
DA:21,4
DA:23,3
DA:25,0
DA:29,5
LF:15
LH:14
BRDA:4,0,0,3
BRDA:4,0,1,10
BRDA:7,1,0,7
BRDA:7,1,1,3
BRDA:10,2,0,1
BRDA:12,3,0,14
BRDA:12,3,1,4
BRDA:13,4,0,4
BRDA:13,4,1,2
BRDA:13,4,2,5
BRDA:13,4,3,4
BRDA:13,4,4,3
BRDA:13,4,5,0
BRF:13
BRH:12
end_of_record
TN:
SF:src/formatters/stylish.js
FN:3,(anonymous_0)
FN:8,(anonymous_1)
FN:14,(anonymous_2)
FN:16,(anonymous_3)
FNF:4
FNH:4
FNDA:31,(anonymous_0)
FNDA:9,(anonymous_1)
FNDA:6,(anonymous_2)
FNDA:22,(anonymous_3)
DA:3,1
DA:4,31
DA:5,7
DA:6,7
DA:7,7
DA:8,9
DA:9,7
DA:11,24
DA:14,1
DA:15,6
DA:16,6
DA:17,22
DA:19,4
DA:21,6
DA:23,5
DA:25,4
DA:27,3
DA:29,0
DA:33,6
LF:19
LH:18
BRDA:3,0,0,22
BRDA:4,1,0,7
BRDA:4,1,1,24
BRDA:14,2,0,2
BRDA:17,3,0,4
BRDA:17,3,1,6
BRDA:17,3,2,5
BRDA:17,3,3,4
BRDA:17,3,4,3
BRDA:17,3,5,0
BRF:10
BRH:9
end_of_record
